::1 - - [08/Nov/2018:23:46:54 +0000] "GET /products/ HTTP/1.1" 400 65 "-" "PostmanRuntime/7.3.0"
::1 - - [08/Nov/2018:23:48:59 +0000] "POST /products/ HTTP/1.1" 404 149 "-" "PostmanRuntime/7.3.0"
::1 - - [08/Nov/2018:23:50:00 +0000] "POST /products/new HTTP/1.1" 200 31 "-" "PostmanRuntime/7.3.0"
::1 - - [08/Nov/2018:23:50:14 +0000] "POST /products/new HTTP/1.1" 200 33 "-" "PostmanRuntime/7.3.0"
::1 - - [08/Nov/2018:23:50:25 +0000] "GET /products/ HTTP/1.1" 200 298 "-" "PostmanRuntime/7.3.0"
::1 - - [08/Nov/2018:23:50:40 +0000] "GET /products/ HTTP/1.1" 200 298 "http://localhost:3000/dashboard" "Mozilla/5.0 (Macintosh; Intel Mac OS X 10_13_6) AppleWebKit/537.36 (KHTML, like Gecko) Chrome/70.0.3538.77 Safari/537.36"
::1 - - [08/Nov/2018:23:51:11 +0000] "POST /products/new HTTP/1.1" 200 40 "-" "PostmanRuntime/7.3.0"
::1 - - [08/Nov/2018:23:51:27 +0000] "POST /products/new HTTP/1.1" 200 29 "-" "PostmanRuntime/7.3.0"
::1 - - [08/Nov/2018:23:52:22 +0000] "GET /products/ HTTP/1.1" 200 620 "-" "PostmanRuntime/7.3.0"
::1 - - [08/Nov/2018:23:52:23 +0000] "GET /products/ HTTP/1.1" 200 620 "-" "PostmanRuntime/7.3.0"
::1 - - [08/Nov/2018:23:52:44 +0000] "DELETE /products/5be4cba8ed194ef8e13314c8 HTTP/1.1" 200 141 "-" "PostmanRuntime/7.3.0"
::1 - - [08/Nov/2018:23:52:48 +0000] "GET /products/ HTTP/1.1" 200 470 "-" "PostmanRuntime/7.3.0"
::1 - - [08/Nov/2018:23:52:55 +0000] "DELETE /products/5be4cbefed194ef8e13314ca HTTP/1.1" 200 151 "-" "PostmanRuntime/7.3.0"
::1 - - [08/Nov/2018:23:52:59 +0000] "GET /products/ HTTP/1.1" 200 310 "-" "PostmanRuntime/7.3.0"
::1 - - [08/Nov/2018:23:53:06 +0000] "DELETE /products/5be4cbffed194ef8e13314cb HTTP/1.1" 200 153 "-" "PostmanRuntime/7.3.0"
::1 - - [08/Nov/2018:23:53:10 +0000] "GET /products/ HTTP/1.1" 200 148 "-" "PostmanRuntime/7.3.0"
::1 - - [08/Nov/2018:23:53:15 +0000] "DELETE /products/5be4cbb6ed194ef8e13314c9 HTTP/1.1" 200 138 "-" "PostmanRuntime/7.3.0"
::1 - - [08/Nov/2018:23:53:22 +0000] "GET /products/5be4cbb6ed194ef8e13314c9 HTTP/1.1" 404 60 "-" "PostmanRuntime/7.3.0"
::1 - - [08/Nov/2018:23:53:25 +0000] "GET /products/ HTTP/1.1" 400 65 "http://localhost:3000/dashboard" "Mozilla/5.0 (Macintosh; Intel Mac OS X 10_13_6) AppleWebKit/537.36 (KHTML, like Gecko) Chrome/70.0.3538.77 Safari/537.36"
::1 - - [08/Nov/2018:23:53:58 +0000] "GET /countrydatabase/Asia HTTP/1.1" 400 54 "http://localhost:3000/productCrud" "Mozilla/5.0 (Macintosh; Intel Mac OS X 10_13_6) AppleWebKit/537.36 (KHTML, like Gecko) Chrome/70.0.3538.77 Safari/537.36"
::1 - - [08/Nov/2018:23:54:06 +0000] "GET /countrydatabase/Africa HTTP/1.1" 400 54 "http://localhost:3000/productCrud" "Mozilla/5.0 (Macintosh; Intel Mac OS X 10_13_6) AppleWebKit/537.36 (KHTML, like Gecko) Chrome/70.0.3538.77 Safari/537.36"
::1 - - [08/Nov/2018:23:54:11 +0000] "GET /products/ HTTP/1.1" 400 65 "http://localhost:3000/dashboard" "Mozilla/5.0 (Macintosh; Intel Mac OS X 10_13_6) AppleWebKit/537.36 (KHTML, like Gecko) Chrome/70.0.3538.77 Safari/537.36"
::1 - - [08/Nov/2018:23:54:11 +0000] "POST /products/new HTTP/1.1" 200 39 "http://localhost:3000/dashboard" "Mozilla/5.0 (Macintosh; Intel Mac OS X 10_13_6) AppleWebKit/537.36 (KHTML, like Gecko) Chrome/70.0.3538.77 Safari/537.36"
::1 - - [08/Nov/2018:23:54:12 +0000] "GET /products/ HTTP/1.1" 200 395 "http://localhost:3000/dashboard" "Mozilla/5.0 (Macintosh; Intel Mac OS X 10_13_6) AppleWebKit/537.36 (KHTML, like Gecko) Chrome/70.0.3538.77 Safari/537.36"
::1 - - [08/Nov/2018:23:55:27 +0000] "GET /countrydatabase/africa HTTP/1.1" 400 54 "-" "PostmanRuntime/7.3.0"
::1 - - [08/Nov/2018:23:55:30 +0000] "GET /countrydatabase/ HTTP/1.1" 404 155 "-" "PostmanRuntime/7.3.0"
::1 - - [08/Nov/2018:23:58:05 +0000] "GET /products/ HTTP/1.1" 304 - "http://localhost:3000/dashboard" "Mozilla/5.0 (Macintosh; Intel Mac OS X 10_13_6) AppleWebKit/537.36 (KHTML, like Gecko) Chrome/70.0.3538.77 Safari/537.36"
::1 - - [08/Nov/2018:23:58:43 +0000] "GET /countrydatabase/Oceania HTTP/1.1" 400 54 "http://localhost:3000/productCrud" "Mozilla/5.0 (Macintosh; Intel Mac OS X 10_13_6) AppleWebKit/537.36 (KHTML, like Gecko) Chrome/70.0.3538.77 Safari/537.36"
::1 - - [08/Nov/2018:23:58:56 +0000] "GET /countrydatabase/Antarctica HTTP/1.1" 400 54 "http://localhost:3000/productCrud" "Mozilla/5.0 (Macintosh; Intel Mac OS X 10_13_6) AppleWebKit/537.36 (KHTML, like Gecko) Chrome/70.0.3538.77 Safari/537.36"
::1 - - [08/Nov/2018:23:58:57 +0000] "GET /products/ HTTP/1.1" 304 - "http://localhost:3000/dashboard" "Mozilla/5.0 (Macintosh; Intel Mac OS X 10_13_6) AppleWebKit/537.36 (KHTML, like Gecko) Chrome/70.0.3538.77 Safari/537.36"
::1 - - [08/Nov/2018:23:58:57 +0000] "POST /products/new HTTP/1.1" 200 40 "http://localhost:3000/dashboard" "Mozilla/5.0 (Macintosh; Intel Mac OS X 10_13_6) AppleWebKit/537.36 (KHTML, like Gecko) Chrome/70.0.3538.77 Safari/537.36"
::1 - - [08/Nov/2018:23:59:03 +0000] "GET /products/ HTTP/1.1" 200 785 "http://localhost:3000/dashboard" "Mozilla/5.0 (Macintosh; Intel Mac OS X 10_13_6) AppleWebKit/537.36 (KHTML, like Gecko) Chrome/70.0.3538.77 Safari/537.36"
::1 - - [08/Nov/2018:23:59:38 +0000] "GET /countrydatabase/Europe HTTP/1.1" 400 54 "http://localhost:3000/productCrud" "Mozilla/5.0 (Macintosh; Intel Mac OS X 10_13_6) AppleWebKit/537.36 (KHTML, like Gecko) Chrome/70.0.3538.77 Safari/537.36"
::1 - - [08/Nov/2018:23:59:39 +0000] "GET /products/ HTTP/1.1" 304 - "http://localhost:3000/dashboard" "Mozilla/5.0 (Macintosh; Intel Mac OS X 10_13_6) AppleWebKit/537.36 (KHTML, like Gecko) Chrome/70.0.3538.77 Safari/537.36"
::1 - - [08/Nov/2018:23:59:39 +0000] "POST /products/new HTTP/1.1" 200 36 "http://localhost:3000/dashboard" "Mozilla/5.0 (Macintosh; Intel Mac OS X 10_13_6) AppleWebKit/537.36 (KHTML, like Gecko) Chrome/70.0.3538.77 Safari/537.36"
::1 - - [08/Nov/2018:23:59:43 +0000] "GET /products/ HTTP/1.1" 200 1171 "http://localhost:3000/dashboard" "Mozilla/5.0 (Macintosh; Intel Mac OS X 10_13_6) AppleWebKit/537.36 (KHTML, like Gecko) Chrome/70.0.3538.77 Safari/537.36"
::1 - - [09/Nov/2018:00:00:23 +0000] "GET /countrydatabase/North%20America HTTP/1.1" 400 54 "http://localhost:3000/productCrud" "Mozilla/5.0 (Macintosh; Intel Mac OS X 10_13_6) AppleWebKit/537.36 (KHTML, like Gecko) Chrome/70.0.3538.77 Safari/537.36"
::1 - - [09/Nov/2018:00:00:24 +0000] "GET /products/ HTTP/1.1" 304 - "http://localhost:3000/dashboard" "Mozilla/5.0 (Macintosh; Intel Mac OS X 10_13_6) AppleWebKit/537.36 (KHTML, like Gecko) Chrome/70.0.3538.77 Safari/537.36"
::1 - - [09/Nov/2018:00:00:24 +0000] "POST /products/new HTTP/1.1" 200 38 "http://localhost:3000/dashboard" "Mozilla/5.0 (Macintosh; Intel Mac OS X 10_13_6) AppleWebKit/537.36 (KHTML, like Gecko) Chrome/70.0.3538.77 Safari/537.36"
::1 - - [09/Nov/2018:00:00:50 +0000] "GET /countrydatabase/Asia HTTP/1.1" 400 54 "http://localhost:3000/productCrud" "Mozilla/5.0 (Macintosh; Intel Mac OS X 10_13_6) AppleWebKit/537.36 (KHTML, like Gecko) Chrome/70.0.3538.77 Safari/537.36"
::1 - - [09/Nov/2018:00:00:51 +0000] "GET /products/ HTTP/1.1" 200 1559 "http://localhost:3000/dashboard" "Mozilla/5.0 (Macintosh; Intel Mac OS X 10_13_6) AppleWebKit/537.36 (KHTML, like Gecko) Chrome/70.0.3538.77 Safari/537.36"
::1 - - [09/Nov/2018:00:00:51 +0000] "POST /products/new HTTP/1.1" 200 28 "http://localhost:3000/dashboard" "Mozilla/5.0 (Macintosh; Intel Mac OS X 10_13_6) AppleWebKit/537.36 (KHTML, like Gecko) Chrome/70.0.3538.77 Safari/537.36"
::1 - - [09/Nov/2018:00:00:53 +0000] "GET /products/ HTTP/1.1" 200 1927 "http://localhost:3000/dashboard" "Mozilla/5.0 (Macintosh; Intel Mac OS X 10_13_6) AppleWebKit/537.36 (KHTML, like Gecko) Chrome/70.0.3538.77 Safari/537.36"
::1 - - [09/Nov/2018:00:01:23 +0000] "GET /countrydatabase/North%20America HTTP/1.1" 400 54 "http://localhost:3000/productCrud" "Mozilla/5.0 (Macintosh; Intel Mac OS X 10_13_6) AppleWebKit/537.36 (KHTML, like Gecko) Chrome/70.0.3538.77 Safari/537.36"
::1 - - [09/Nov/2018:00:01:24 +0000] "GET /products/ HTTP/1.1" 304 - "http://localhost:3000/dashboard" "Mozilla/5.0 (Macintosh; Intel Mac OS X 10_13_6) AppleWebKit/537.36 (KHTML, like Gecko) Chrome/70.0.3538.77 Safari/537.36"
::1 - - [09/Nov/2018:00:01:24 +0000] "POST /products/new HTTP/1.1" 200 34 "http://localhost:3000/dashboard" "Mozilla/5.0 (Macintosh; Intel Mac OS X 10_13_6) AppleWebKit/537.36 (KHTML, like Gecko) Chrome/70.0.3538.77 Safari/537.36"
::1 - - [09/Nov/2018:00:01:25 +0000] "GET /products/ HTTP/1.1" 200 2251 "http://localhost:3000/dashboard" "Mozilla/5.0 (Macintosh; Intel Mac OS X 10_13_6) AppleWebKit/537.36 (KHTML, like Gecko) Chrome/70.0.3538.77 Safari/537.36"
::1 - - [09/Nov/2018:00:02:04 +0000] "GET /countrydatabase/Antarctica HTTP/1.1" 400 54 "http://localhost:3000/productCrud" "Mozilla/5.0 (Macintosh; Intel Mac OS X 10_13_6) AppleWebKit/537.36 (KHTML, like Gecko) Chrome/70.0.3538.77 Safari/537.36"
::1 - - [09/Nov/2018:00:02:04 +0000] "GET /products/ HTTP/1.1" 304 - "http://localhost:3000/dashboard" "Mozilla/5.0 (Macintosh; Intel Mac OS X 10_13_6) AppleWebKit/537.36 (KHTML, like Gecko) Chrome/70.0.3538.77 Safari/537.36"
::1 - - [09/Nov/2018:00:02:04 +0000] "POST /products/new HTTP/1.1" 200 43 "http://localhost:3000/dashboard" "Mozilla/5.0 (Macintosh; Intel Mac OS X 10_13_6) AppleWebKit/537.36 (KHTML, like Gecko) Chrome/70.0.3538.77 Safari/537.36"
::1 - - [09/Nov/2018:00:02:20 +0000] "GET /countrydatabase/Oceania HTTP/1.1" 400 54 "http://localhost:3000/productCrud" "Mozilla/5.0 (Macintosh; Intel Mac OS X 10_13_6) AppleWebKit/537.36 (KHTML, like Gecko) Chrome/70.0.3538.77 Safari/537.36"
::1 - - [09/Nov/2018:00:02:26 +0000] "GET /products/ HTTP/1.1" 200 2835 "http://localhost:3000/dashboard" "Mozilla/5.0 (Macintosh; Intel Mac OS X 10_13_6) AppleWebKit/537.36 (KHTML, like Gecko) Chrome/70.0.3538.77 Safari/537.36"
::1 - - [09/Nov/2018:00:02:26 +0000] "POST /products/new HTTP/1.1" 200 32 "http://localhost:3000/dashboard" "Mozilla/5.0 (Macintosh; Intel Mac OS X 10_13_6) AppleWebKit/537.36 (KHTML, like Gecko) Chrome/70.0.3538.77 Safari/537.36"
::1 - - [09/Nov/2018:00:02:27 +0000] "GET /products/ HTTP/1.1" 200 3408 "http://localhost:3000/dashboard" "Mozilla/5.0 (Macintosh; Intel Mac OS X 10_13_6) AppleWebKit/537.36 (KHTML, like Gecko) Chrome/70.0.3538.77 Safari/537.36"
::1 - - [09/Nov/2018:00:02:54 +0000] "GET /countrydatabase/Antarctica HTTP/1.1" 400 54 "http://localhost:3000/productCrud" "Mozilla/5.0 (Macintosh; Intel Mac OS X 10_13_6) AppleWebKit/537.36 (KHTML, like Gecko) Chrome/70.0.3538.77 Safari/537.36"
::1 - - [09/Nov/2018:00:02:54 +0000] "GET /products/ HTTP/1.1" 304 - "http://localhost:3000/dashboard" "Mozilla/5.0 (Macintosh; Intel Mac OS X 10_13_6) AppleWebKit/537.36 (KHTML, like Gecko) Chrome/70.0.3538.77 Safari/537.36"
::1 - - [09/Nov/2018:00:02:54 +0000] "POST /products/new HTTP/1.1" 200 31 "http://localhost:3000/dashboard" "Mozilla/5.0 (Macintosh; Intel Mac OS X 10_13_6) AppleWebKit/537.36 (KHTML, like Gecko) Chrome/70.0.3538.77 Safari/537.36"
::1 - - [09/Nov/2018:00:02:56 +0000] "GET /products/ HTTP/1.1" 200 4037 "http://localhost:3000/dashboard" "Mozilla/5.0 (Macintosh; Intel Mac OS X 10_13_6) AppleWebKit/537.36 (KHTML, like Gecko) Chrome/70.0.3538.77 Safari/537.36"
::1 - - [09/Nov/2018:00:03:53 +0000] "GET /products/ HTTP/1.1" 404 52 "http://localhost:3000/dashboard" "Mozilla/5.0 (Macintosh; Intel Mac OS X 10_13_6) AppleWebKit/537.36 (KHTML, like Gecko) Chrome/70.0.3538.77 Safari/537.36"
::1 - - [09/Nov/2018:00:04:19 +0000] "GET /products/ HTTP/1.1" 404 52 "http://localhost:3000/dashboard" "Mozilla/5.0 (Macintosh; Intel Mac OS X 10_13_6) AppleWebKit/537.36 (KHTML, like Gecko) Chrome/70.0.3538.77 Safari/537.36"
::1 - - [09/Nov/2018:00:04:24 +0000] "GET /products/ HTTP/1.1" 404 52 "http://localhost:3000/dashboard" "Mozilla/5.0 (Macintosh; Intel Mac OS X 10_13_6) AppleWebKit/537.36 (KHTML, like Gecko) Chrome/70.0.3538.77 Safari/537.36"
::1 - - [09/Nov/2018:00:05:24 +0000] "GET /products/ HTTP/1.1" 404 52 "http://localhost:3000/dashboard" "Mozilla/5.0 (Macintosh; Intel Mac OS X 10_13_6) AppleWebKit/537.36 (KHTML, like Gecko) Chrome/70.0.3538.77 Safari/537.36"
::1 - - [09/Nov/2018:00:05:46 +0000] "GET /country/ HTTP/1.1" 404 22 "http://localhost:3000/adminmap" "Mozilla/5.0 (Macintosh; Intel Mac OS X 10_13_6) AppleWebKit/537.36 (KHTML, like Gecko) Chrome/70.0.3538.77 Safari/537.36"
::1 - - [09/Nov/2018:00:05:47 +0000] "GET /country/ HTTP/1.1" 404 22 "http://localhost:3000/adminmap" "Mozilla/5.0 (Macintosh; Intel Mac OS X 10_13_6) AppleWebKit/537.36 (KHTML, like Gecko) Chrome/70.0.3538.77 Safari/537.36"
::1 - - [09/Nov/2018:00:05:50 +0000] "GET /country/ HTTP/1.1" 404 22 "http://localhost:3000/adminmap" "Mozilla/5.0 (Macintosh; Intel Mac OS X 10_13_6) AppleWebKit/537.36 (KHTML, like Gecko) Chrome/70.0.3538.77 Safari/537.36"
